\BOOKMARK [1][-]{section.1}{Motivation}{}% 1
\BOOKMARK [1][-]{section.2}{Experiment 1 - preliminary pilot}{}% 2
\BOOKMARK [2][-]{subsection.2.1}{Method}{section.2}% 3
\BOOKMARK [3][-]{subsubsection.2.1.1}{Participants}{subsection.2.1}% 4
\BOOKMARK [3][-]{subsubsection.2.1.2}{Procedure and materials}{subsection.2.1}% 5
\BOOKMARK [2][-]{subsection.2.2}{Results}{section.2}% 6
\BOOKMARK [2][-]{subsection.2.3}{Discussion}{section.2}% 7
\BOOKMARK [1][-]{section.3}{Experiment 2 - prior elicitation}{}% 8
\BOOKMARK [2][-]{subsection.3.1}{Method}{section.3}% 9
\BOOKMARK [3][-]{subsubsection.3.1.1}{Participants}{subsection.3.1}% 10
\BOOKMARK [3][-]{subsubsection.3.1.2}{Procedure and materials}{subsection.3.1}% 11
\BOOKMARK [2][-]{subsection.3.2}{Results}{section.3}% 12
\BOOKMARK [2][-]{subsection.3.3}{Discussion}{section.3}% 13
\BOOKMARK [1][-]{section.4}{Experiment 3 - sinking marbles, version 1}{}% 14
\BOOKMARK [2][-]{subsection.4.1}{Method}{section.4}% 15
\BOOKMARK [3][-]{subsubsection.4.1.1}{Participants}{subsection.4.1}% 16
\BOOKMARK [3][-]{subsubsection.4.1.2}{Procedure and materials}{subsection.4.1}% 17
\BOOKMARK [2][-]{subsection.4.2}{Results}{section.4}% 18
\BOOKMARK [2][-]{subsection.4.3}{Discussion}{section.4}% 19
\BOOKMARK [1][-]{section.5}{To do}{}% 20
